web ui running on http://localhost:8080
GET / 0s
GET /assets/index-Br-igkFC.js 0s
GET /assets/index-Cv2i6jgm.css 0s
GET /api/deps 83ms
GET /api/services 305ms
GET /api/deps 44ms
GET /api/services 213ms
GET /api/deps 46ms
GET /api/services 202ms
web ui running on http://localhost:8080
GET /api/deps 53ms
GET /api/services 282ms
GET /api/deps 47ms
GET /api/services 225ms
GET /api/deps 42ms
GET /api/services 226ms
GET /api/deps 46ms
GET /api/services 276ms
GET /api/deps 44ms
GET /api/services 244ms
GET /api/deps 43ms
GET /api/services 216ms
GET /api/deps 48ms
GET /api/services 238ms
GET /api/deps 42ms
GET /api/services 238ms
GET /api/deps 43ms
GET /api/services 211ms
GET /api/deps 54ms
GET /api/services 252ms
GET /api/deps 59ms
GET /api/services 269ms
GET /api/deps 43ms
GET /api/services 249ms
GET /api/deps 58ms
GET /api/services 271ms
GET /api/deps 48ms
GET /api/services 253ms
GET /api/deps 42ms
GET /api/services 230ms
GET /api/deps 45ms
GET /api/services 233ms
GET /api/deps 70ms
GET /api/services 283ms
GET /api/deps 47ms
GET /api/services 250ms
GET /api/deps 42ms
GET /api/services 232ms
